<?xml version="1.0" encoding="UTF-8"?>
<!-- Generated by org.testng.reporters.JUnitReportReporter -->
<testsuite hostname="DESKTOP-V05IFTK" failures="0" tests="1" name="testcase.LoginTC001" time="14.094" errors="0" timestamp="2025-03-24T16:54:47 IST" skipped="0">
  <testcase classname="testcase.LoginTC001" name="runCreateAccount" time="14.094"/>
  <system-out/>
</testsuite> <!-- testcase.LoginTC001 -->
